[INFO] Scanning for projects...
[INFO] ------------------------------------------------------------------------
[INFO] Reactor Build Order:
[INFO] 
[INFO] SeqWare Query Engine
[INFO] seqware-queryengine-backend
[INFO] seqware-queryengine-webservice
[INFO] seqware-queryengine-legacy
[INFO] seqware-distribution
[INFO]                                                                         
[INFO] ------------------------------------------------------------------------
[INFO] Building SeqWare Query Engine 1.0.7-SNAPSHOT
[INFO] ------------------------------------------------------------------------
[INFO] 
[INFO] --- maven-clean-plugin:2.5:clean (default-clean) @ seqware-queryengine ---
[INFO] 
[INFO] --- jacoco-maven-plugin:0.6.3.201306030806:prepare-agent (jacoco-initialize-unit) @ seqware-queryengine ---
[INFO] Skipping JaCoCo for project with packaging type 'pom'
[INFO] itCoverageAgent set to 
[INFO] 
[INFO] --- jacoco-maven-plugin:0.6.3.201306030806:report (jacoco-site-it) @ seqware-queryengine ---
[INFO] Skipping JaCoCo for project with packaging type 'pom'
[INFO] 
[INFO] --- maven-install-plugin:2.4:install (default-install) @ seqware-queryengine ---
[INFO] Installing /home/seqware/gitroot/seqware/pom.xml to /home/seqware/.m2/repository/io/seqware/seqware-queryengine/1.0.7-SNAPSHOT/seqware-queryengine-1.0.7-SNAPSHOT.pom
[INFO]                                                                         
[INFO] ------------------------------------------------------------------------
[INFO] Building seqware-queryengine-backend 1.0.7-SNAPSHOT
[INFO] ------------------------------------------------------------------------
[INFO] 
[INFO] --- maven-clean-plugin:2.5:clean (default-clean) @ seqware-queryengine-backend ---
[INFO] Deleting /home/seqware/gitroot/seqware/seqware-queryengine-backend/target
[INFO] 
[INFO] --- jacoco-maven-plugin:0.6.3.201306030806:prepare-agent (jacoco-initialize-unit) @ seqware-queryengine-backend ---
[INFO] itCoverageAgent set to -javaagent:/home/seqware/.m2/repository/org/jacoco/org.jacoco.agent/0.6.3.201306030806/org.jacoco.agent-0.6.3.201306030806-runtime.jar=destfile=/home/seqware/gitroot/seqware/seqware-queryengine-backend/../target/jacoco-it.exec,dumponexit=true
[INFO] 
[INFO] --- build-helper-maven-plugin:1.8:add-source (add-source) @ seqware-queryengine-backend ---
[INFO] Source directory: /home/seqware/gitroot/seqware/seqware-queryengine-backend/target/generated-sources/protobuf-dto added.
[INFO] 
[INFO] --- maven-antrun-plugin:1.7:run (generate-sources) @ seqware-queryengine-backend ---
[WARNING] Parameter tasks is deprecated, use target instead
[INFO] Executing tasks

main:
    [mkdir] Created dir: /home/seqware/gitroot/seqware/seqware-queryengine-backend/target/generated-sources/protobuf-dto
[INFO] Executed tasks
[INFO] 
[INFO] --- maven-resources-plugin:2.6:resources (default-resources) @ seqware-queryengine-backend ---
[INFO] Using 'UTF-8' encoding to copy filtered resources.
[INFO] Copying 2 resources
[INFO] Copying 1 resource
[INFO] 
[INFO] --- maven-compiler-plugin:3.1:compile (default-compile) @ seqware-queryengine-backend ---
[INFO] Changes detected - recompiling the module!
[INFO] Compiling 174 source files to /home/seqware/gitroot/seqware/seqware-queryengine-backend/target/classes
[WARNING] bootstrap class path not set in conjunction with -source 1.6
/home/seqware/gitroot/seqware/seqware-queryengine-backend/src/main/java/com/github/seqware/queryengine/impl/SimplePersistentBackEnd.java:[161,14] [deprecation] getLatestAtomBySGID(SGID) in QueryInterface has been deprecated
[WARNING] /home/seqware/gitroot/seqware/seqware-queryengine-backend/src/main/java/com/github/seqware/queryengine/impl/SimplePersistentBackEnd.java:[131,14] [deprecation] getAtomBySGID(SGID) in QueryInterface has been deprecated
[INFO] 
[INFO] --- maven-jar-plugin:2.4:jar (make-a-jar) @ seqware-queryengine-backend ---
[INFO] Building jar: /home/seqware/gitroot/seqware/seqware-queryengine-backend/target/seqware-queryengine-backend-1.0.7-SNAPSHOT.jar
[INFO] 
[INFO] --- maven-resources-plugin:2.6:testResources (default-testResources) @ seqware-queryengine-backend ---
[INFO] Using 'UTF-8' encoding to copy filtered resources.
[INFO] Copying 10 resources
[INFO] 
[INFO] --- maven-compiler-plugin:3.1:testCompile (default-testCompile) @ seqware-queryengine-backend ---
[INFO] Changes detected - recompiling the module!
[INFO] Compiling 54 source files to /home/seqware/gitroot/seqware/seqware-queryengine-backend/target/test-classes
[INFO] 
[INFO] --- maven-surefire-plugin:2.15:test (default-test) @ seqware-queryengine-backend ---
[INFO] Surefire report directory: /home/seqware/gitroot/seqware/seqware-queryengine-backend/target/surefire-reports
Downloading: http://seqwaremaven.oicr.on.ca/artifactory/seqware-dependencies/org/apache/maven/surefire/surefire-junit4/2.15/surefire-junit4-2.15.pom
Downloading: http://repo.maven.apache.org/maven2/org/apache/maven/surefire/surefire-junit4/2.15/surefire-junit4-2.15.pom
3/3 KB            Downloaded: http://repo.maven.apache.org/maven2/org/apache/maven/surefire/surefire-junit4/2.15/surefire-junit4-2.15.pom (3 KB at 45.9 KB/sec)
Downloading: http://seqwaremaven.oicr.on.ca/artifactory/seqware-dependencies/org/apache/maven/surefire/surefire-providers/2.15/surefire-providers-2.15.pom
         Downloading: http://repo.maven.apache.org/maven2/org/apache/maven/surefire/surefire-providers/2.15/surefire-providers-2.15.pom
3/3 KB            Downloaded: http://repo.maven.apache.org/maven2/org/apache/maven/surefire/surefire-providers/2.15/surefire-providers-2.15.pom (3 KB at 50.5 KB/sec)
Downloading: http://seqwaremaven.oicr.on.ca/artifactory/seqware-dependencies/org/apache/maven/surefire/surefire-junit4/2.15/surefire-junit4-2.15.jar
         Downloading: http://repo.maven.apache.org/maven2/org/apache/maven/surefire/surefire-junit4/2.15/surefire-junit4-2.15.jar
4/63 KB   8/63 KB   12/63 KB   13/63 KB   15/63 KB   19/63 KB   23/63 KB   27/63 KB   31/63 KB   35/63 KB   37/63 KB   39/63 KB   43/63 KB   47/63 KB   51/63 KB   55/63 KB   56/63 KB   58/63 KB   62/63 KB   63/63 KB              Downloaded: http://repo.maven.apache.org/maven2/org/apache/maven/surefire/surefire-junit4/2.15/surefire-junit4-2.15.jar (63 KB at 730.5 KB/sec)

-------------------------------------------------------
 T E S T S
-------------------------------------------------------
Running com.github.seqware.queryengine.model.test.InMemoryNonPersistentPBSerializationSuite
##gvf-version 1.06 ##genome-build NCBI B36.3 ##sequence-region chr16 1 88827254
chr16 samtools SNV 49291141 49291142 . + . ReferenceSeq=G;ID=ID_1;Variant_seq=A,G;
chr16 samtools SNV 49291360 49291361 . + . ReferenceSeq=C;ID=ID_2;Variant_seq=G;
chr16 samtools SNV 49302125 49302126 . + . ReferenceSeq=C;ID=ID_3;Variant_seq=T,C;
Tests run: 46, Failures: 0, Errors: 0, Skipped: 0, Time elapsed: 7.486 sec - in com.github.seqware.queryengine.model.test.InMemoryNonPersistentPBSerializationSuite
Running com.github.seqware.queryengine.model.test.InMemoryFileStoragePBSerializationSuite
##gvf-version 1.06 ##genome-build NCBI B36.3 ##sequence-region chr16 1 88827254
chr16 samtools SNV 49291141 49291142 . + . ReferenceSeq=G;ID=ID_1;Variant_seq=A,G;
chr16 samtools SNV 49291360 49291361 . + . ReferenceSeq=C;ID=ID_2;Variant_seq=G;
chr16 samtools SNV 49302125 49302126 . + . ReferenceSeq=C;ID=ID_3;Variant_seq=T,C;
Tests run: 46, Failures: 0, Errors: 0, Skipped: 0, Time elapsed: 7.821 sec - in com.github.seqware.queryengine.model.test.InMemoryFileStoragePBSerializationSuite
Running com.github.seqware.queryengine.model.test.NonPersistentTestSuite
##gvf-version 1.06 ##genome-build NCBI B36.3 ##sequence-region chr16 1 88827254
chr16 samtools SNV 49291141 49291142 . + . ID=ID_1;Variant_seq=A,G;ReferenceSeq=G;
chr16 samtools SNV 49291360 49291361 . + . ID=ID_2;Variant_seq=G;ReferenceSeq=C;
chr16 samtools SNV 49302125 49302126 . + . ID=ID_3;Variant_seq=T,C;ReferenceSeq=C;
Tests run: 46, Failures: 0, Errors: 0, Skipped: 0, Time elapsed: 5.73 sec - in com.github.seqware.queryengine.model.test.NonPersistentTestSuite
Running com.github.seqware.queryengine.model.test.InMemoryFileStorageApacheSerializationSuite
##gvf-version 1.06 ##genome-build NCBI B36.3 ##sequence-region chr16 1 88827254
chr16 samtools SNV 49291141 49291142 . + . ID=ID_1;Variant_seq=A,G;ReferenceSeq=G;
chr16 samtools SNV 49291360 49291361 . + . ID=ID_2;Variant_seq=G;ReferenceSeq=C;
chr16 samtools SNV 49302125 49302126 . + . ID=ID_3;Variant_seq=T,C;ReferenceSeq=C;
Tests run: 46, Failures: 0, Errors: 0, Skipped: 0, Time elapsed: 6.151 sec - in com.github.seqware.queryengine.model.test.InMemoryFileStorageApacheSerializationSuite

Results :

Tests run: 184, Failures: 0, Errors: 0, Skipped: 0

[INFO] 
[INFO] --- maven-jar-plugin:2.4:jar (default-jar) @ seqware-queryengine-backend ---
[INFO] 
[INFO] --- maven-jar-plugin:2.4:test-jar (default) @ seqware-queryengine-backend ---
[INFO] Building jar: /home/seqware/gitroot/seqware/seqware-queryengine-backend/target/seqware-queryengine-backend-1.0.7-SNAPSHOT-tests.jar
[INFO] 
[INFO] --- maven-failsafe-plugin:2.15:integration-test (default) @ seqware-queryengine-backend ---
[INFO] Failsafe report directory: /home/seqware/gitroot/seqware/seqware-queryengine-backend/target/failsafe-reports

-------------------------------------------------------
 T E S T S
-------------------------------------------------------
Running com.github.seqware.queryengine.impl.test.ImplTestSuite
Tests run: 12, Failures: 0, Errors: 0, Skipped: 0, Time elapsed: 47.041 sec - in com.github.seqware.queryengine.impl.test.ImplTestSuite
Running com.github.seqware.queryengine.model.test.HBaseModelHBaseStoragePBSerializationSuite
6861 terms written to a TagSet written with an ID of:
2fd688e0-56d1-4a7e-99ad-8bc0d5edf39d
##gvf-version 1.06 ##genome-build NCBI B36.3 ##sequence-region chr16 1 88827254
chr16 samtools SNV 49291141 49291142 . + . ReferenceSeq=G;ID=ID_1;Variant_seq=A,G;
chr16 samtools SNV 49291360 49291361 . + . ReferenceSeq=C;ID=ID_2;Variant_seq=G;
chr16 samtools SNV 49302125 49302126 . + . ReferenceSeq=C;ID=ID_3;Variant_seq=T,C;
FeatureSet written with an ID of:
d019c6b2-31f4-443a-8c6f-c62dd86bb5ff
Tests run: 46, Failures: 0, Errors: 0, Skipped: 0, Time elapsed: 16.351 sec - in com.github.seqware.queryengine.model.test.HBaseModelHBaseStoragePBSerializationSuite
Running com.github.seqware.queryengine.model.test.InMemoryFileStorageApacheSerializationSuite
##gvf-version 1.06 ##genome-build NCBI B36.3 ##sequence-region chr16 1 88827254
chr16 samtools SNV 49291141 49291142 . + . ID=ID_1;Variant_seq=A,G;ReferenceSeq=G;
chr16 samtools SNV 49291360 49291361 . + . ID=ID_2;Variant_seq=G;ReferenceSeq=C;
chr16 samtools SNV 49302125 49302126 . + . ID=ID_3;Variant_seq=T,C;ReferenceSeq=C;
Tests run: 46, Failures: 0, Errors: 0, Skipped: 0, Time elapsed: 6.302 sec - in com.github.seqware.queryengine.model.test.InMemoryFileStorageApacheSerializationSuite
Running com.github.seqware.queryengine.model.test.InMemoryFileStoragePBSerializationSuite
##gvf-version 1.06 ##genome-build NCBI B36.3 ##sequence-region chr16 1 88827254
chr16 samtools SNV 49291141 49291142 . + . ReferenceSeq=G;ID=ID_1;Variant_seq=A,G;
chr16 samtools SNV 49291360 49291361 . + . ReferenceSeq=C;ID=ID_2;Variant_seq=G;
chr16 samtools SNV 49302125 49302126 . + . ReferenceSeq=C;ID=ID_3;Variant_seq=T,C;
Tests run: 46, Failures: 0, Errors: 0, Skipped: 0, Time elapsed: 6.305 sec - in com.github.seqware.queryengine.model.test.InMemoryFileStoragePBSerializationSuite
Running com.github.seqware.queryengine.model.test.InMemoryNonPersistentPBSerializationSuite
##gvf-version 1.06 ##genome-build NCBI B36.3 ##sequence-region chr16 1 88827254
chr16 samtools SNV 49291141 49291142 . + . ReferenceSeq=G;ID=ID_1;Variant_seq=A,G;
chr16 samtools SNV 49291360 49291361 . + . ReferenceSeq=C;ID=ID_2;Variant_seq=G;
chr16 samtools SNV 49302125 49302126 . + . ReferenceSeq=C;ID=ID_3;Variant_seq=T,C;
Tests run: 46, Failures: 0, Errors: 0, Skipped: 0, Time elapsed: 4.912 sec - in com.github.seqware.queryengine.model.test.InMemoryNonPersistentPBSerializationSuite
Running com.github.seqware.queryengine.model.test.MRHBaseModelHBaseStoragePBSerializationSuite
6861 terms written to a TagSet written with an ID of:
9cbae2c6-043f-461c-b040-be99a3a7eed8
##gvf-version 1.06 ##genome-build NCBI B36.3 ##sequence-region chr16 1 88827254
chr16 samtools SNV 49291141 49291142 . + . ReferenceSeq=G;ID=ID_1;Variant_seq=A,G;
chr16 samtools SNV 49291360 49291361 . + . ReferenceSeq=C;ID=ID_2;Variant_seq=G;
chr16 samtools SNV 49302125 49302126 . + . ReferenceSeq=C;ID=ID_3;Variant_seq=T,C;
FeatureSet written with an ID of:
d6e1cb78-4b6f-4391-a142-4a44b859194c
Tests run: 46, Failures: 0, Errors: 0, Skipped: 0, Time elapsed: 196.52 sec - in com.github.seqware.queryengine.model.test.MRHBaseModelHBaseStoragePBSerializationSuite
Running com.github.seqware.queryengine.model.test.NonPersistentTestSuite
##gvf-version 1.06 ##genome-build NCBI B36.3 ##sequence-region chr16 1 88827254
chr16 samtools SNV 49291141 49291142 . + . ID=ID_1;Variant_seq=A,G;ReferenceSeq=G;
chr16 samtools SNV 49291360 49291361 . + . ID=ID_2;Variant_seq=G;ReferenceSeq=C;
chr16 samtools SNV 49302125 49302126 . + . ID=ID_3;Variant_seq=T,C;ReferenceSeq=C;
Tests run: 46, Failures: 0, Errors: 0, Skipped: 0, Time elapsed: 4.928 sec - in com.github.seqware.queryengine.model.test.NonPersistentTestSuite
Running com.github.seqware.queryengine.system.test.SystemTestSuite
Feb 24, 2014 4:15:33 PM org.biojava3.genome.parsers.gff.GFF3Reader read
INFO: Gff.read(): Reading /home/seqware/gitroot/seqware/seqware-queryengine-backend/src/test/resources/com/github/seqware/queryengine/system/FeatureImporter/test.gvf

Closing in thread: pool-3-thread-1
FeatureSet written with an ID of:
50bc6cb9-c2f4-42be-9643-19ccbf59f398
FeatureSet written with an ID of:
4196cda4-7d28-4be8-af4c-e07490d1a339
[SeqWare Query Engine] 1    [pool-5-thread-1] FATAL com.github.seqware.queryengine.system.importers.workers.VCFVariantImportWorker  - Exception thrown with file: /home/seqware/gitroot/seqware/seqware-queryengine-backend/src/test/resources/com/github/seqware/queryengine/system/FeatureImporter/test_invalid.vcf
java.lang.NumberFormatException: For input string: "51xxx"
	at java.lang.NumberFormatException.forInputString(NumberFormatException.java:65)
	at java.lang.Integer.parseInt(Integer.java:492)
	at java.lang.Integer.parseInt(Integer.java:527)
	at com.github.seqware.queryengine.system.importers.workers.VCFVariantImportWorker.run(VCFVariantImportWorker.java:358)
	at java.util.concurrent.Executors$RunnableAdapter.call(Executors.java:471)
	at java.util.concurrent.FutureTask$Sync.innerRun(FutureTask.java:334)
	at java.util.concurrent.FutureTask.run(FutureTask.java:166)
	at java.util.concurrent.ThreadPoolExecutor.runWorker(ThreadPoolExecutor.java:1145)
	at java.util.concurrent.ThreadPoolExecutor$Worker.run(ThreadPoolExecutor.java:615)
	at java.lang.Thread.run(Thread.java:724)
[SeqWare Query Engine] 153  [main] FATAL com.github.seqware.queryengine.system.importers.FeatureImporter  - java.util.concurrent.ExecutionException: java.lang.RuntimeException: Error in VCRVariantImportWorker
[SeqWare Query Engine] 154  [main] FATAL com.github.seqware.queryengine.system.importers.FeatureImporter  - Exception thrown with file: 

java.lang.RuntimeException: java.util.concurrent.ExecutionException: java.lang.RuntimeException: Error in VCRVariantImportWorker
	at com.github.seqware.queryengine.system.importers.FeatureImporter.performImport(FeatureImporter.java:185)
	at com.github.seqware.queryengine.system.importers.FeatureImporter.naiveRun(FeatureImporter.java:272)
	at com.github.seqware.queryengine.system.test.VCFImportExportTest.testFile(VCFImportExportTest.java:112)
	at com.github.seqware.queryengine.system.test.VCFImportExportTest.testInvalidVCFImport(VCFImportExportTest.java:99)
	at sun.reflect.NativeMethodAccessorImpl.invoke0(Native Method)
	at sun.reflect.NativeMethodAccessorImpl.invoke(NativeMethodAccessorImpl.java:57)
	at sun.reflect.DelegatingMethodAccessorImpl.invoke(DelegatingMethodAccessorImpl.java:43)
	at java.lang.reflect.Method.invoke(Method.java:606)
	at org.junit.runners.model.FrameworkMethod$1.runReflectiveCall(FrameworkMethod.java:45)
	at org.junit.internal.runners.model.ReflectiveCallable.run(ReflectiveCallable.java:15)
	at org.junit.runners.model.FrameworkMethod.invokeExplosively(FrameworkMethod.java:42)
	at org.junit.internal.runners.statements.InvokeMethod.evaluate(InvokeMethod.java:20)
	at org.junit.runners.ParentRunner.runLeaf(ParentRunner.java:263)
	at org.junit.runners.BlockJUnit4ClassRunner.runChild(BlockJUnit4ClassRunner.java:68)
	at org.junit.runners.BlockJUnit4ClassRunner.runChild(BlockJUnit4ClassRunner.java:47)
	at org.junit.runners.ParentRunner$3.run(ParentRunner.java:231)
	at org.junit.runners.ParentRunner$1.schedule(ParentRunner.java:60)
	at org.junit.runners.ParentRunner.runChildren(ParentRunner.java:229)
	at org.junit.runners.ParentRunner.access$000(ParentRunner.java:50)
	at org.junit.runners.ParentRunner$2.evaluate(ParentRunner.java:222)
	at org.junit.internal.runners.statements.RunBefores.evaluate(RunBefores.java:28)
	at org.junit.runners.ParentRunner.run(ParentRunner.java:300)
	at org.junit.runners.Suite.runChild(Suite.java:128)
	at org.junit.runners.Suite.runChild(Suite.java:24)
	at org.junit.runners.ParentRunner$3.run(ParentRunner.java:231)
	at org.junit.runners.ParentRunner$1.schedule(ParentRunner.java:60)
	at org.junit.runners.ParentRunner.runChildren(ParentRunner.java:229)
	at org.junit.runners.ParentRunner.access$000(ParentRunner.java:50)
	at org.junit.runners.ParentRunner$2.evaluate(ParentRunner.java:222)
	at org.junit.internal.runners.statements.RunBefores.evaluate(RunBefores.java:28)
	at org.junit.internal.runners.statements.RunAfters.evaluate(RunAfters.java:30)
	at org.junit.runners.ParentRunner.run(ParentRunner.java:300)
	at org.apache.maven.surefire.junit4.JUnit4Provider.execute(JUnit4Provider.java:264)
	at org.apache.maven.surefire.junit4.JUnit4Provider.executeTestSet(JUnit4Provider.java:153)
	at org.apache.maven.surefire.junit4.JUnit4Provider.invoke(JUnit4Provider.java:124)
	at org.apache.maven.surefire.booter.ForkedBooter.invokeProviderInSameClassLoader(ForkedBooter.java:200)
	at org.apache.maven.surefire.booter.ForkedBooter.runSuitesInProcess(ForkedBooter.java:153)
	at org.apache.maven.surefire.booter.ForkedBooter.main(ForkedBooter.java:103)
Caused by: java.util.concurrent.ExecutionException: java.lang.RuntimeException: Error in VCRVariantImportWorker
	at java.util.concurrent.FutureTask$Sync.innerGet(FutureTask.java:252)
	at java.util.concurrent.FutureTask.get(FutureTask.java:111)
	at com.github.seqware.queryengine.system.importers.FeatureImporter.performImport(FeatureImporter.java:179)
	... 37 more
Caused by: java.lang.RuntimeException: Error in VCRVariantImportWorker
	at com.github.seqware.queryengine.system.importers.workers.VCFVariantImportWorker.run(VCFVariantImportWorker.java:506)
	at java.util.concurrent.Executors$RunnableAdapter.call(Executors.java:471)
	at java.util.concurrent.FutureTask$Sync.innerRun(FutureTask.java:334)
	at java.util.concurrent.FutureTask.run(FutureTask.java:166)
	at java.util.concurrent.ThreadPoolExecutor.runWorker(ThreadPoolExecutor.java:1145)
	at java.util.concurrent.ThreadPoolExecutor$Worker.run(ThreadPoolExecutor.java:615)
	at java.lang.Thread.run(Thread.java:724)
04:14  WARN: Detected that the ID column is duplicated in the INFO column, skipping: .
FeatureSet written with an ID of:
678d46c7-9551-47ef-910e-30a026793dd4
FeatureSet written with an ID of:
a948156b-c53f-4c3b-a39c-2bbb7be66b43
FeatureSet written with an ID of:
c87deca3-6da4-4b81-a466-817ba24aa35f
TagSet written with an ID of:
Random_ref_b31s
Reference written with an ID of:
Random_ref_qk2p
TagSet written with an ID of:
Random_ref_hfs4
Reference written with an ID of:
Random_ref_5iu
6861 terms written to a TagSet written with an ID of:
c988adf9-fe88-48a2-a8ef-a415c8e05b61
6861 terms written to a TagSet written with an ID of:
ecf075a4-5e6a-4e95-963f-060c80117b61
Reference written with an ID of:
hg_42
TagSet written with an ID of:
ad_hoc_tagSet
FeatureSet written with an ID of:
ec481656-8ca2-4d04-ad90-38e30f666b1e
FeatureSet written with an ID of:
43746617-2949-4163-9e7b-0ca6ca451014
[SeqWare Query Engine] 12037 [pool-11-thread-1] FATAL com.github.seqware.queryengine.system.importers.workers.VCFVariantImportWorker  - Exception thrown with file: /home/seqware/gitroot/seqware/seqware-queryengine-backend/src/test/resources/com/github/seqware/queryengine/system/FeatureImporter/test_invalid.vcf
java.lang.NumberFormatException: For input string: "51xxx"
	at java.lang.NumberFormatException.forInputString(NumberFormatException.java:65)
	at java.lang.Integer.parseInt(Integer.java:492)
	at java.lang.Integer.parseInt(Integer.java:527)
	at com.github.seqware.queryengine.system.importers.workers.VCFVariantImportWorker.run(VCFVariantImportWorker.java:358)
	at java.util.concurrent.Executors$RunnableAdapter.call(Executors.java:471)
	at java.util.concurrent.FutureTask$Sync.innerRun(FutureTask.java:334)
	at java.util.concurrent.FutureTask.run(FutureTask.java:166)
	at java.util.concurrent.ThreadPoolExecutor.runWorker(ThreadPoolExecutor.java:1145)
	at java.util.concurrent.ThreadPoolExecutor$Worker.run(ThreadPoolExecutor.java:615)
	at java.lang.Thread.run(Thread.java:724)
[SeqWare Query Engine] 12063 [main] FATAL com.github.seqware.queryengine.system.importers.FeatureImporter  - java.util.concurrent.ExecutionException: java.lang.RuntimeException: Error in VCRVariantImportWorker
[SeqWare Query Engine] 12063 [main] FATAL com.github.seqware.queryengine.system.importers.FeatureImporter  - Exception thrown with file: 

java.lang.RuntimeException: java.util.concurrent.ExecutionException: java.lang.RuntimeException: Error in VCRVariantImportWorker
	at com.github.seqware.queryengine.system.importers.FeatureImporter.performImport(FeatureImporter.java:185)
	at com.github.seqware.queryengine.system.importers.SOFeatureImporter.runMain(SOFeatureImporter.java:197)
	at com.github.seqware.queryengine.system.test.SOFeatureImporterTest.testFile(SOFeatureImporterTest.java:172)
	at com.github.seqware.queryengine.system.test.SOFeatureImporterTest.testInvalidVCFImport(SOFeatureImporterTest.java:153)
	at sun.reflect.NativeMethodAccessorImpl.invoke0(Native Method)
	at sun.reflect.NativeMethodAccessorImpl.invoke(NativeMethodAccessorImpl.java:57)
	at sun.reflect.DelegatingMethodAccessorImpl.invoke(DelegatingMethodAccessorImpl.java:43)
	at java.lang.reflect.Method.invoke(Method.java:606)
	at org.junit.runners.model.FrameworkMethod$1.runReflectiveCall(FrameworkMethod.java:45)
	at org.junit.internal.runners.model.ReflectiveCallable.run(ReflectiveCallable.java:15)
	at org.junit.runners.model.FrameworkMethod.invokeExplosively(FrameworkMethod.java:42)
	at org.junit.internal.runners.statements.InvokeMethod.evaluate(InvokeMethod.java:20)
	at org.junit.runners.ParentRunner.runLeaf(ParentRunner.java:263)
	at org.junit.runners.BlockJUnit4ClassRunner.runChild(BlockJUnit4ClassRunner.java:68)
	at org.junit.runners.BlockJUnit4ClassRunner.runChild(BlockJUnit4ClassRunner.java:47)
	at org.junit.runners.ParentRunner$3.run(ParentRunner.java:231)
	at org.junit.runners.ParentRunner$1.schedule(ParentRunner.java:60)
	at org.junit.runners.ParentRunner.runChildren(ParentRunner.java:229)
	at org.junit.runners.ParentRunner.access$000(ParentRunner.java:50)
	at org.junit.runners.ParentRunner$2.evaluate(ParentRunner.java:222)
	at org.junit.internal.runners.statements.RunBefores.evaluate(RunBefores.java:28)
	at org.junit.runners.ParentRunner.run(ParentRunner.java:300)
	at org.junit.runners.Suite.runChild(Suite.java:128)
	at org.junit.runners.Suite.runChild(Suite.java:24)
	at org.junit.runners.ParentRunner$3.run(ParentRunner.java:231)
	at org.junit.runners.ParentRunner$1.schedule(ParentRunner.java:60)
	at org.junit.runners.ParentRunner.runChildren(ParentRunner.java:229)
	at org.junit.runners.ParentRunner.access$000(ParentRunner.java:50)
	at org.junit.runners.ParentRunner$2.evaluate(ParentRunner.java:222)
	at org.junit.internal.runners.statements.RunBefores.evaluate(RunBefores.java:28)
	at org.junit.internal.runners.statements.RunAfters.evaluate(RunAfters.java:30)
	at org.junit.runners.ParentRunner.run(ParentRunner.java:300)
	at org.apache.maven.surefire.junit4.JUnit4Provider.execute(JUnit4Provider.java:264)
	at org.apache.maven.surefire.junit4.JUnit4Provider.executeTestSet(JUnit4Provider.java:153)
	at org.apache.maven.surefire.junit4.JUnit4Provider.invoke(JUnit4Provider.java:124)
	at org.apache.maven.surefire.booter.ForkedBooter.invokeProviderInSameClassLoader(ForkedBooter.java:200)
	at org.apache.maven.surefire.booter.ForkedBooter.runSuitesInProcess(ForkedBooter.java:153)
	at org.apache.maven.surefire.booter.ForkedBooter.main(ForkedBooter.java:103)
Caused by: java.util.concurrent.ExecutionException: java.lang.RuntimeException: Error in VCRVariantImportWorker
	at java.util.concurrent.FutureTask$Sync.innerGet(FutureTask.java:252)
	at java.util.concurrent.FutureTask.get(FutureTask.java:111)
	at com.github.seqware.queryengine.system.importers.FeatureImporter.performImport(FeatureImporter.java:179)
	... 37 more
Caused by: java.lang.RuntimeException: Error in VCRVariantImportWorker
	at com.github.seqware.queryengine.system.importers.workers.VCFVariantImportWorker.run(VCFVariantImportWorker.java:506)
	at java.util.concurrent.Executors$RunnableAdapter.call(Executors.java:471)
	at java.util.concurrent.FutureTask$Sync.innerRun(FutureTask.java:334)
	at java.util.concurrent.FutureTask.run(FutureTask.java:166)
	at java.util.concurrent.ThreadPoolExecutor.runWorker(ThreadPoolExecutor.java:1145)
	at java.util.concurrent.ThreadPoolExecutor$Worker.run(ThreadPoolExecutor.java:615)
	at java.lang.Thread.run(Thread.java:724)
04:26  WARN: Detected that the ID column is duplicated in the INFO column, skipping: .
FeatureSet written with an ID of:
32a35514-10fd-4c60-8bfa-4e91dc2ff67f
FeatureSet written with an ID of:
cb26c53f-43a6-467b-81d8-0485b8689b35
FeatureSet written with an ID of:
4cce9974-87eb-4e4a-92a9-466692ed82b9
6861 terms written to a TagSet written with an ID of:
cb207847-257e-46b8-a45b-bdcbb6bc0982
FeatureSet written with an ID of:
11aca9de-e7db-416f-a53b-447b55a2a114
Tests run: 18, Failures: 0, Errors: 0, Skipped: 0, Time elapsed: 42.405 sec - in com.github.seqware.queryengine.system.test.SystemTestSuite

Results :

Tests run: 306, Failures: 0, Errors: 0, Skipped: 0

[INFO] 
[INFO] --- jacoco-maven-plugin:0.6.3.201306030806:report (jacoco-site-it) @ seqware-queryengine-backend ---
[INFO] 
[INFO] --- maven-failsafe-plugin:2.15:verify (default) @ seqware-queryengine-backend ---
[INFO] Failsafe report directory: /home/seqware/gitroot/seqware/seqware-queryengine-backend/target/failsafe-reports
[INFO] 
[INFO] --- maven-install-plugin:2.4:install (default-install) @ seqware-queryengine-backend ---
[INFO] Installing /home/seqware/gitroot/seqware/seqware-queryengine-backend/target/seqware-queryengine-backend-1.0.7-SNAPSHOT.jar to /home/seqware/.m2/repository/io/seqware/seqware-queryengine-backend/1.0.7-SNAPSHOT/seqware-queryengine-backend-1.0.7-SNAPSHOT.jar
[INFO] Installing /home/seqware/gitroot/seqware/seqware-queryengine-backend/pom.xml to /home/seqware/.m2/repository/io/seqware/seqware-queryengine-backend/1.0.7-SNAPSHOT/seqware-queryengine-backend-1.0.7-SNAPSHOT.pom
[INFO] Installing /home/seqware/gitroot/seqware/seqware-queryengine-backend/target/seqware-queryengine-backend-1.0.7-SNAPSHOT-tests.jar to /home/seqware/.m2/repository/io/seqware/seqware-queryengine-backend/1.0.7-SNAPSHOT/seqware-queryengine-backend-1.0.7-SNAPSHOT-tests.jar
[INFO] 
[INFO] --- maven-install-plugin:2.4:install-file (default) @ seqware-queryengine-backend ---
[INFO] Installing /home/seqware/gitroot/seqware/seqware-queryengine-backend/target/seqware-queryengine-backend-1.0.7-SNAPSHOT.jar to /home/seqware/.m2/repository/io/seqware/seqware-queryengine-backend/1.0.7-SNAPSHOT/seqware-queryengine-backend-1.0.7-SNAPSHOT.jar
[INFO]                                                                         
[INFO] ------------------------------------------------------------------------
[INFO] Building seqware-queryengine-webservice 1.0.7-SNAPSHOT
[INFO] ------------------------------------------------------------------------
[INFO] 
[INFO] --- maven-clean-plugin:2.5:clean (default-clean) @ seqware-queryengine-webservice ---
[INFO] Deleting /home/seqware/gitroot/seqware/seqware-queryengine-webservice/target
[INFO] Deleting /tmp/com.github.seqware.queryengine.impl.TmpFileStorage (includes = [*], excludes = [])
[INFO] 
[INFO] --- jacoco-maven-plugin:0.6.3.201306030806:prepare-agent (jacoco-initialize-unit) @ seqware-queryengine-webservice ---
[INFO] itCoverageAgent set to -javaagent:/home/seqware/.m2/repository/org/jacoco/org.jacoco.agent/0.6.3.201306030806/org.jacoco.agent-0.6.3.201306030806-runtime.jar=destfile=/home/seqware/gitroot/seqware/seqware-queryengine-webservice/../target/jacoco-it.exec,dumponexit=true
[INFO] 
[INFO] --- maven-resources-plugin:2.6:resources (default-resources) @ seqware-queryengine-webservice ---
[INFO] Using 'UTF-8' encoding to copy filtered resources.
[INFO] Copying 1 resource
[INFO] 
[INFO] --- maven-compiler-plugin:3.1:compile (default-compile) @ seqware-queryengine-webservice ---
[INFO] Changes detected - recompiling the module!
[INFO] Compiling 17 source files to /home/seqware/gitroot/seqware/seqware-queryengine-webservice/target/classes
[INFO] 
[INFO] --- maven-resources-plugin:2.6:testResources (default-testResources) @ seqware-queryengine-webservice ---
[INFO] Using 'UTF-8' encoding to copy filtered resources.
[INFO] Copying 1 resource
[INFO] 
[INFO] --- maven-compiler-plugin:3.1:testCompile (default-testCompile) @ seqware-queryengine-webservice ---
[INFO] Changes detected - recompiling the module!
[INFO] Compiling 2 source files to /home/seqware/gitroot/seqware/seqware-queryengine-webservice/target/test-classes
[INFO] 
[INFO] --- maven-surefire-plugin:2.15:test (default-test) @ seqware-queryengine-webservice ---
[INFO] 
[INFO] --- maven-war-plugin:2.3:war (default-war) @ seqware-queryengine-webservice ---
[INFO] Packaging webapp
[INFO] Assembling webapp [seqware-queryengine-webservice] in [/home/seqware/gitroot/seqware/seqware-queryengine-webservice/target/seqware-queryengine-webservice-1.0.7-SNAPSHOT]
[INFO] Processing war project
[INFO] Copying webapp resources [/home/seqware/gitroot/seqware/seqware-queryengine-webservice/src/main/webapp]
[INFO] Webapp assembled in [493 msecs]
[INFO] Building war: /home/seqware/gitroot/seqware/seqware-queryengine-webservice/target/seqware-queryengine-webservice-1.0.7-SNAPSHOT.war
[INFO] 
[INFO] --- tomcat6-maven-plugin:2.2:run-war-only (tomcat-run) @ seqware-queryengine-webservice ---
[INFO] Running war on http://localhost:8889/seqware-queryengine-webservice
[INFO] Creating Tomcat server configuration at /home/seqware/gitroot/seqware/seqware-queryengine-webservice/target/tomcat
Feb 24, 2014 4:16:23 PM org.apache.catalina.startup.Embedded start
INFO: Starting tomcat server
Feb 24, 2014 4:16:23 PM org.apache.catalina.core.StandardEngine start
INFO: Starting Servlet Engine: Apache Tomcat/6.0.37
Feb 24, 2014 4:16:26 PM org.apache.coyote.http11.Http11Protocol init
INFO: Initializing Coyote HTTP/1.1 on http-8889
Feb 24, 2014 4:16:26 PM org.apache.coyote.http11.Http11Protocol start
INFO: Starting Coyote HTTP/1.1 on http-8889
[INFO] 
[INFO] --- tomcat6-maven-plugin:2.2:shutdown (tomcat-shutdown) @ seqware-queryengine-webservice ---
Feb 24, 2014 4:16:26 PM org.apache.coyote.http11.Http11Protocol destroy
INFO: Stopping Coyote HTTP/1.1 on http-8889
[INFO] 
[INFO] --- jacoco-maven-plugin:0.6.3.201306030806:report (jacoco-site-it) @ seqware-queryengine-webservice ---
[INFO] 
[INFO] --- maven-install-plugin:2.4:install (default-install) @ seqware-queryengine-webservice ---
[INFO] Installing /home/seqware/gitroot/seqware/seqware-queryengine-webservice/target/seqware-queryengine-webservice-1.0.7-SNAPSHOT.war to /home/seqware/.m2/repository/io/seqware/seqware-queryengine-webservice/1.0.7-SNAPSHOT/seqware-queryengine-webservice-1.0.7-SNAPSHOT.war
[INFO] Installing /home/seqware/gitroot/seqware/seqware-queryengine-webservice/pom.xml to /home/seqware/.m2/repository/io/seqware/seqware-queryengine-webservice/1.0.7-SNAPSHOT/seqware-queryengine-webservice-1.0.7-SNAPSHOT.pom
[INFO]                                                                         
[INFO] ------------------------------------------------------------------------
[INFO] Building seqware-queryengine-legacy 1.0.7-SNAPSHOT
[INFO] ------------------------------------------------------------------------
[INFO] 
[INFO] --- maven-clean-plugin:2.5:clean (default-clean) @ seqware-queryengine-legacy ---
[INFO] Deleting /home/seqware/gitroot/seqware/seqware-queryengine-legacy/target
[INFO] 
[INFO] --- jacoco-maven-plugin:0.6.3.201306030806:prepare-agent (jacoco-initialize-unit) @ seqware-queryengine-legacy ---
[INFO] itCoverageAgent set to -javaagent:/home/seqware/.m2/repository/org/jacoco/org.jacoco.agent/0.6.3.201306030806/org.jacoco.agent-0.6.3.201306030806-runtime.jar=destfile=/home/seqware/gitroot/seqware/seqware-queryengine-legacy/../target/jacoco-it.exec,dumponexit=true
[INFO] 
[INFO] --- maven-resources-plugin:2.6:resources (default-resources) @ seqware-queryengine-legacy ---
[INFO] Using 'UTF-8' encoding to copy filtered resources.
[INFO] skip non existing resourceDirectory /home/seqware/gitroot/seqware/seqware-queryengine-legacy/src/main/resources
[INFO] 
[INFO] --- maven-compiler-plugin:3.1:compile (default-compile) @ seqware-queryengine-legacy ---
[INFO] Changes detected - recompiling the module!
[INFO] Compiling 103 source files to /home/seqware/gitroot/seqware/seqware-queryengine-legacy/target/classes
[WARNING] bootstrap class path not set in conjunction with -source 1.6
/home/seqware/gitroot/seqware/seqware-queryengine-legacy/src/main/java/net/sourceforge/seqware/queryengine/backend/store/impl/PostgreSQLStore.java:[444,34] [deprecation] open(int,int) in LargeObjectManager has been deprecated
[WARNING] /home/seqware/gitroot/seqware/seqware-queryengine-legacy/src/main/java/net/sourceforge/seqware/queryengine/backend/store/impl/PostgreSQLStore.java:[515,22] [deprecation] create(int) in LargeObjectManager has been deprecated
[WARNING] /home/seqware/gitroot/seqware/seqware-queryengine-legacy/src/main/java/net/sourceforge/seqware/queryengine/backend/store/impl/PostgreSQLStore.java:[516,30] [deprecation] open(int,int) in LargeObjectManager has been deprecated
[WARNING] /home/seqware/gitroot/seqware/seqware-queryengine-legacy/src/main/java/net/sourceforge/seqware/queryengine/backend/util/iterators/PostgresModelIterator.java:[111,34] [deprecation] open(int,int) in LargeObjectManager has been deprecated
[WARNING] /home/seqware/gitroot/seqware/seqware-queryengine-legacy/src/main/java/net/sourceforge/seqware/queryengine/prototypes/hadoop/MapReduceTest2.java:[322,30] [deprecation] HBaseConfiguration() in HBaseConfiguration has been deprecated
[WARNING] /home/seqware/gitroot/seqware/seqware-queryengine-legacy/src/main/java/net/sourceforge/seqware/queryengine/prototypes/hadoop/HBaseRead2.java:[49,32] [deprecation] HBaseConfiguration() in HBaseConfiguration has been deprecated
[WARNING] /home/seqware/gitroot/seqware/seqware-queryengine-legacy/src/main/java/net/sourceforge/seqware/queryengine/prototypes/hadoop/MapReduceTest.java:[156,30] [deprecation] HBaseConfiguration() in HBaseConfiguration has been deprecated
[WARNING] /home/seqware/gitroot/seqware/seqware-queryengine-legacy/src/main/java/net/sourceforge/seqware/queryengine/backend/store/impl/HBaseStore.java:[137,39] [deprecation] HBaseConfiguration() in HBaseConfiguration has been deprecated
[WARNING] /home/seqware/gitroot/seqware/seqware-queryengine-legacy/src/main/java/net/sourceforge/seqware/queryengine/backend/store/impl/HBaseStore.java:[171,11] [deprecation] HBaseConfiguration() in HBaseConfiguration has been deprecated
[INFO] 
[INFO] --- maven-resources-plugin:2.6:testResources (default-testResources) @ seqware-queryengine-legacy ---
[INFO] Using 'UTF-8' encoding to copy filtered resources.
[INFO] Copying 30 resources
[INFO] 
[INFO] --- maven-compiler-plugin:3.1:testCompile (default-testCompile) @ seqware-queryengine-legacy ---
[INFO] Changes detected - recompiling the module!
[INFO] Compiling 3 source files to /home/seqware/gitroot/seqware/seqware-queryengine-legacy/target/test-classes
[INFO] 
[INFO] --- maven-surefire-plugin:2.15:test (default-test) @ seqware-queryengine-legacy ---
[INFO] 
[INFO] --- maven-jar-plugin:2.4:jar (default-jar) @ seqware-queryengine-legacy ---
[INFO] Building jar: /home/seqware/gitroot/seqware/seqware-queryengine-legacy/target/seqware-queryengine-legacy-1.0.7-SNAPSHOT.jar
[INFO] 
[INFO] --- jacoco-maven-plugin:0.6.3.201306030806:report (jacoco-site-it) @ seqware-queryengine-legacy ---
[INFO] 
[INFO] --- maven-install-plugin:2.4:install (default-install) @ seqware-queryengine-legacy ---
[INFO] Installing /home/seqware/gitroot/seqware/seqware-queryengine-legacy/target/seqware-queryengine-legacy-1.0.7-SNAPSHOT.jar to /home/seqware/.m2/repository/io/seqware/seqware-queryengine-legacy/1.0.7-SNAPSHOT/seqware-queryengine-legacy-1.0.7-SNAPSHOT.jar
[INFO] Installing /home/seqware/gitroot/seqware/seqware-queryengine-legacy/pom.xml to /home/seqware/.m2/repository/io/seqware/seqware-queryengine-legacy/1.0.7-SNAPSHOT/seqware-queryengine-legacy-1.0.7-SNAPSHOT.pom
[INFO]                                                                         
[INFO] ------------------------------------------------------------------------
[INFO] Building seqware-distribution 1.0.7-SNAPSHOT
[INFO] ------------------------------------------------------------------------
[INFO] 
[INFO] --- maven-clean-plugin:2.5:clean (default-clean) @ seqware-distribution ---
[INFO] Deleting /home/seqware/gitroot/seqware/seqware-distribution/target
[INFO] Deleting /home/seqware/gitroot/seqware/seqware-distribution (includes = [temp*], excludes = [])
[INFO] 
[INFO] --- jacoco-maven-plugin:0.6.3.201306030806:prepare-agent (jacoco-initialize-unit) @ seqware-distribution ---
[INFO] Skipping JaCoCo execution
[INFO] itCoverageAgent set to 
[INFO] 
[INFO] --- maven-resources-plugin:2.6:resources (default-resources) @ seqware-distribution ---
[INFO] Using 'UTF-8' encoding to copy filtered resources.
[INFO] skip non existing resourceDirectory /home/seqware/gitroot/seqware/seqware-distribution/src/main/resources
[INFO] 
[INFO] --- maven-compiler-plugin:3.1:compile (default-compile) @ seqware-distribution ---
[INFO] No sources to compile
[INFO] 
[INFO] --- maven-resources-plugin:2.6:testResources (default-testResources) @ seqware-distribution ---
[INFO] Using 'UTF-8' encoding to copy filtered resources.
[INFO] skip non existing resourceDirectory /home/seqware/gitroot/seqware/seqware-distribution/src/test/resources
[INFO] 
[INFO] --- maven-compiler-plugin:3.1:testCompile (default-testCompile) @ seqware-distribution ---
[INFO] No sources to compile
[INFO] 
[INFO] --- maven-surefire-plugin:2.15:test (default-test) @ seqware-distribution ---
[INFO] No tests to run.
[INFO] 
[INFO] --- maven-jar-plugin:2.4:jar (default-jar) @ seqware-distribution ---
[WARNING] JAR will be empty - no content was marked for inclusion!
[INFO] Building jar: /home/seqware/gitroot/seqware/seqware-distribution/target/seqware-distribution-1.0.7-SNAPSHOT.jar
[INFO] 
[INFO] --- maven-assembly-plugin:2.4:single (executable-queryengine-jar-assembly) @ seqware-distribution ---
[INFO] Reading assembly descriptor: src/assemble/seqware-queryengine.xml
[WARNING] NOTE: Currently, inclusion of module dependencies may produce unpredictable results if a version conflict occurs.
[INFO] Building jar: /home/seqware/gitroot/seqware/seqware-distribution/target/seqware-distribution-1.0.7-SNAPSHOT-qe-full.jar
[INFO] 
[INFO] --- jacoco-maven-plugin:0.6.3.201306030806:report (jacoco-site-it) @ seqware-distribution ---
[INFO] Skipping JaCoCo execution
[INFO] 
[INFO] --- maven-install-plugin:2.4:install (default-install) @ seqware-distribution ---
[INFO] Installing /home/seqware/gitroot/seqware/seqware-distribution/target/seqware-distribution-1.0.7-SNAPSHOT.jar to /home/seqware/.m2/repository/io/seqware/seqware-distribution/1.0.7-SNAPSHOT/seqware-distribution-1.0.7-SNAPSHOT.jar
[INFO] Installing /home/seqware/gitroot/seqware/seqware-distribution/pom.xml to /home/seqware/.m2/repository/io/seqware/seqware-distribution/1.0.7-SNAPSHOT/seqware-distribution-1.0.7-SNAPSHOT.pom
[INFO] Installing /home/seqware/gitroot/seqware/seqware-distribution/target/seqware-distribution-1.0.7-SNAPSHOT-qe-full.jar to /home/seqware/.m2/repository/io/seqware/seqware-distribution/1.0.7-SNAPSHOT/seqware-distribution-1.0.7-SNAPSHOT-qe-full.jar
[INFO] ------------------------------------------------------------------------
[INFO] Reactor Summary:
[INFO] 
[INFO] SeqWare Query Engine .............................. SUCCESS [1.119s]
[INFO] seqware-queryengine-backend ....................... SUCCESS [6:12.571s]
[INFO] seqware-queryengine-webservice .................... SUCCESS [8.486s]
[INFO] seqware-queryengine-legacy ........................ SUCCESS [6.780s]
[INFO] seqware-distribution .............................. SUCCESS [36.924s]
[INFO] ------------------------------------------------------------------------
[INFO] BUILD SUCCESS
[INFO] ------------------------------------------------------------------------
[INFO] Total time: 7:06.300s
[INFO] Finished at: Mon Feb 24 16:17:10 UTC 2014
[INFO] Final Memory: 50M/463M
[INFO] ------------------------------------------------------------------------
